#
# A fatal error has been detected by the Java Runtime Environment:
#
#  EXCEPTION_ACCESS_VIOLATION (0xc0000005) at pc=0x00007ffc307deadb, pid=14992, tid=26960
#
# JRE version: OpenJDK Runtime Environment (11.0+28) (build 11+28)
# Java VM: OpenJDK 64-Bit Server VM (11+28, mixed mode, tiered, compressed oops, g1 gc, windows-amd64)
# Problematic frame:
# V  [jvm.dll+0x6beadb]
#
# No core dump will be written. Minidumps are not enabled by default on client versions of Windows
#
# If you would like to submit a bug report, please visit:
#   http://bugreport.java.com/bugreport/crash.jsp
#

---------------  S U M M A R Y ------------

Command Line: -agentlib:jdwp=transport=dt_socket,address=127.0.0.1:62863,suspend=y,server=n -ea -Didea.test.cyclic.buffer.size=1048576 -javaagent:C:\Users\A891PB\AppData\Local\JetBrains\IntelliJIdea2022.2\captureAgent\debugger-agent.jar -Dfile.encoding=UTF-8 com.intellij.rt.junit.JUnitStarter -ideVersion5 -junit5 com.ocr.mediscreen_assess.service.PatientHistoryServiceTest,testGetAssessmentByLastname

Host: Intel(R) Xeon(R) W-11955M CPU @ 2.60GHz, 16 cores, 31G,  Windows 10 , 64 bit Build 19041 (10.0.19041.3031)
Time: Thu Jun 22 17:15:14 2023 Paris, Madrid (heure d’été) elapsed time: 2252 seconds (0d 0h 37m 32s)

---------------  T H R E A D  ---------------

Current thread (0x000001dcdb313800):  VMThread "VM Thread" [stack: 0x0000002ec8800000,0x0000002ec8900000] [id=26960]

Stack: [0x0000002ec8800000,0x0000002ec8900000],  sp=0x0000002ec88fe7f0,  free space=1017k
Native frames: (J=compiled Java code, j=interpreted, Vv=VM code, C=native code)
V  [jvm.dll+0x6beadb]
V  [jvm.dll+0x3434a3]
V  [jvm.dll+0x34542f]
V  [jvm.dll+0x345c8e]
V  [jvm.dll+0x34314c]
V  [jvm.dll+0x3423d2]
V  [jvm.dll+0x629ec5]
V  [jvm.dll+0x629c4d]
V  [jvm.dll+0x5ef91a]
V  [jvm.dll+0x502e47]
V  [jvm.dll+0x78054c]
V  [jvm.dll+0x77ea07]
V  [jvm.dll+0x77f230]
V  [jvm.dll+0x77f53f]
V  [jvm.dll+0x639e42]
C  [ucrtbase.dll+0x21bb2]
C  [KERNEL32.DLL+0x17614]
C  [ntdll.dll+0x526f1]


siginfo: EXCEPTION_ACCESS_VIOLATION (0xc0000005), reading address 0x0000000000000006


Register to memory mapping:

RIP=0x00007ffc307deadb jvm.dll
RAX=0x0000002ec88fe880 points into unknown readable memory
RBX=0x0000002ec88fe850 points into unknown readable memory
RCX=0x0 is NULL
RDX=0x0 is NULL
RSP=0x0000002ec88fe7f0 points into unknown readable memory
RBP=0x0000002ec88fed60 points into unknown readable memory
RSI=0x0 is NULL
RDI=0x0 is NULL
R8 =0x0 is NULL
R9 =0x000001dcdda0e000 is pointing into metadata
R10=0x00007ffc30120000 jvm.dll
R11=0x0000002ec88fecb0 points into unknown readable memory
R12=0x000001dcda4cd640 points into unknown readable memory
R13=0x0 is NULL
R14=0x000001dcdda0ed38 is pointing into metadata
R15=0x0000000000000065 is an unknown value


Registers:
RAX=0x0000002ec88fe880, RBX=0x0000002ec88fe850, RCX=0x0000000000000000, RDX=0x0000000000000000
RSP=0x0000002ec88fe7f0, RBP=0x0000002ec88fed60, RSI=0x0000000000000000, RDI=0x0000000000000000
R8 =0x0000000000000000, R9 =0x000001dcdda0e000, R10=0x00007ffc30120000, R11=0x0000002ec88fecb0
R12=0x000001dcda4cd640, R13=0x0000000000000000, R14=0x000001dcdda0ed38, R15=0x0000000000000065
RIP=0x00007ffc307deadb, EFLAGS=0x0000000000010246

Top of Stack: (sp=0x0000002ec88fe7f0)
0x0000002ec88fe7f0:   0000002ec88fe850 0000000000000000
0x0000002ec88fe800:   0000000000000c00 00007ffc307df05b
0x0000002ec88fe810:   0000000000000001 00007ffc304634a3
0x0000002ec88fe820:   0000000000000000 0000002ec88feed0
0x0000002ec88fe830:   0000002ec88fee00 00007ffc307de81a
0x0000002ec88fe840:   0000002ec88fe8a0 0000000000000001
0x0000002ec88fe850:   00007ffc309b4768 0000000000000000
0x0000002ec88fe860:   0000000000000000 00007ffc0000000c
0x0000002ec88fe870:   0000002ec88fe880 0000002e00000000
0x0000002ec88fe880:   0000000046000031 000001dcda4cd7d0
0x0000002ec88fe890:   4fffffff4fffffff 4fffffff4fffffff
0x0000002ec88fe8a0:   00007ffc309b4768 00007ffcbce82437
0x0000002ec88fe8b0:   0000000000000015 00007ffc00000004
0x0000002ec88fe8c0:   0000002ec88fe8e0 0000000000000002
0x0000002ec88fe8d0:   0000002ec88fee88 00007ffcbce81131
0x0000002ec88fe8e0:   0000002ec88fea20 0000002ec88feac0 

Instructions: (pc=0x00007ffc307deadb)
0x00007ffc307deabb:   cc cc cc cc cc 40 53 48 83 ec 20 c7 41 10 00 00
0x00007ffc307deacb:   00 00 48 8b d9 48 89 7c 24 38 48 8b 79 08 33 c9
0x00007ffc307deadb:   80 7f 06 28 74 26 44 8d 49 28 8d 51 35 48 8d 0d
0x00007ffc307deaeb:   f1 42 22 00 4c 8d 05 da 42 22 00 e8 e5 36 ba ff 


VM_Operation (0x0000002ec93ff4a0): GetOrSetLocal, mode: safepoint, requested by thread 0x000001dcdbf75800


---------------  P R O C E S S  ---------------

Threads class SMR info:
_java_thread_list=0x000001dcdc3d5ce0, length=13, elements={
0x000001dcadc5a000, 0x000001dcdb317000, 0x000001dcdb33e800, 0x000001dcdb3a8800,
0x000001dcdb3ab800, 0x000001dcdb3ac800, 0x000001dcdb3ad800, 0x000001dcdb3ae800,
0x000001dcdb2e2000, 0x000001dcdbf75800, 0x000001dcdbf76800, 0x000001dcdbfa9800,
0x000001dcdc209000
}

Java Threads: ( => current thread )
  0x000001dcadc5a000 JavaThread "main" [_thread_blocked, id=7852, stack(0x0000002ec8200000,0x0000002ec8300000)]
  0x000001dcdb317000 JavaThread "Reference Handler" daemon [_thread_blocked, id=20856, stack(0x0000002ec8900000,0x0000002ec8a00000)]
  0x000001dcdb33e800 JavaThread "Finalizer" daemon [_thread_blocked, id=27768, stack(0x0000002ec8a00000,0x0000002ec8b00000)]
  0x000001dcdb3a8800 JavaThread "Signal Dispatcher" daemon [_thread_blocked, id=25268, stack(0x0000002ec8b00000,0x0000002ec8c00000)]
  0x000001dcdb3ab800 JavaThread "Attach Listener" daemon [_thread_blocked, id=29788, stack(0x0000002ec8c00000,0x0000002ec8d00000)]
  0x000001dcdb3ac800 JavaThread "C2 CompilerThread0" daemon [_thread_blocked, id=20716, stack(0x0000002ec8d00000,0x0000002ec8e00000)]
  0x000001dcdb3ad800 JavaThread "C1 CompilerThread0" daemon [_thread_blocked, id=27504, stack(0x0000002ec8e00000,0x0000002ec8f00000)]
  0x000001dcdb3ae800 JavaThread "Sweeper thread" daemon [_thread_blocked, id=19164, stack(0x0000002ec8f00000,0x0000002ec9000000)]
  0x000001dcdb2e2000 JavaThread "Common-Cleaner" daemon [_thread_blocked, id=24960, stack(0x0000002ec9000000,0x0000002ec9100000)]
  0x000001dcdbf75800 JavaThread "JDWP Transport Listener: dt_socket" daemon [_thread_blocked, id=26028, stack(0x0000002ec9300000,0x0000002ec9400000)] _threads_hazard_ptr=0x000001dcdc3d5ce0
  0x000001dcdbf76800 JavaThread "JDWP Event Helper Thread" daemon [_thread_blocked, id=28552, stack(0x0000002ec9400000,0x0000002ec9500000)]
  0x000001dcdbfa9800 JavaThread "JDWP Command Reader" daemon [_thread_in_native, id=30684, stack(0x0000002ec9500000,0x0000002ec9600000)]
  0x000001dcdc209000 JavaThread "Service Thread" daemon [_thread_blocked, id=22232, stack(0x0000002ec9600000,0x0000002ec9700000)]

Other Threads:
=>0x000001dcdb313800 VMThread "VM Thread" [stack: 0x0000002ec8800000,0x0000002ec8900000] [id=26960]
  0x000001dcdc20a000 WatcherThread [stack: 0x0000002ec9700000,0x0000002ec9800000] [id=21220]
  0x000001dcadc70800 GCTaskThread "GC Thread#0" [stack: 0x0000002ec8300000,0x0000002ec8400000] [id=27044]
  0x000001dcdcb54800 GCTaskThread "GC Thread#1" [stack: 0x0000002ec9a00000,0x0000002ec9b00000] [id=5640]
  0x000001dcdcd81800 GCTaskThread "GC Thread#2" [stack: 0x0000002ec9b00000,0x0000002ec9c00000] [id=30660]
  0x000001dcdcdca000 GCTaskThread "GC Thread#3" [stack: 0x0000002ec9c00000,0x0000002ec9d00000] [id=2456]
  0x000001dcdcd0f000 GCTaskThread "GC Thread#4" [stack: 0x0000002ec9d00000,0x0000002ec9e00000] [id=2524]
  0x000001dcdcd0f800 GCTaskThread "GC Thread#5" [stack: 0x0000002ec9e00000,0x0000002ec9f00000] [id=22808]
  0x000001dcdce44000 GCTaskThread "GC Thread#6" [stack: 0x0000002ec9f00000,0x0000002eca000000] [id=15456]
  0x000001dcdce44800 GCTaskThread "GC Thread#7" [stack: 0x0000002eca000000,0x0000002eca100000] [id=23504]
  0x000001dcdce65800 GCTaskThread "GC Thread#8" [stack: 0x0000002eca100000,0x0000002eca200000] [id=4484]
  0x000001dcdce66800 GCTaskThread "GC Thread#9" [stack: 0x0000002eca200000,0x0000002eca300000] [id=14656]
  0x000001dcdcfd0800 GCTaskThread "GC Thread#10" [stack: 0x0000002eca300000,0x0000002eca400000] [id=8196]
  0x000001dcdcfd1000 GCTaskThread "GC Thread#11" [stack: 0x0000002eca400000,0x0000002eca500000] [id=21772]
  0x000001dcadc81000 ConcurrentGCThread "G1 Main Marker" [stack: 0x0000002ec8400000,0x0000002ec8500000] [id=25996]
  0x000001dcadcfb800 ConcurrentGCThread "G1 Conc#0" [stack: 0x0000002ec8500000,0x0000002ec8600000] [id=18692]
  0x000001dcda496800 ConcurrentGCThread "G1 Refine#0" [stack: 0x0000002ec8600000,0x0000002ec8700000] [id=22652]
  0x000001dcda499000 ConcurrentGCThread "G1 Young RemSet Sampling" [stack: 0x0000002ec8700000,0x0000002ec8800000] [id=25544]

Threads with active compile tasks:

VM state:at safepoint (normal execution)

VM Mutex/Monitor currently owned by a thread:  ([mutex/lock_event])
[0x000001dcadc87b10] Threads_lock - owner thread: 0x000001dcdb313800

Heap address: 0x000000060ca00000, size: 7990 MB, Compressed Oops mode: Zero based, Oop shift amount: 3
Narrow klass base: 0x0000000800000000, Narrow klass shift: 0
Compressed class space size: 1073741824 Address: 0x0000000800000000

Heap:
 garbage-first heap   total 512000K, used 73575K [0x000000060ca00000, 0x0000000800000000)
  region size 2048K, 36 young (73728K), 2 survivors (4096K)
 Metaspace       used 18576K, capacity 19264K, committed 19584K, reserved 1067008K
  class space    used 2328K, capacity 2572K, committed 2688K, reserved 1048576K
Heap Regions: E=young(eden), S=young(survivor), O=old, HS=humongous(starts), HC=humongous(continues), CS=collection set, F=free, A=archive, TAMS=top-at-mark-start (previous, next)
|   0|0x000000060ca00000, 0x000000060cbd9c00, 0x000000060cc00000| 92%| O|  |TAMS 0x000000060ca00000, 0x000000060ca00000| Untracked 
|   1|0x000000060cc00000, 0x000000060cc00000, 0x000000060ce00000|  0%| F|  |TAMS 0x000000060cc00000, 0x000000060cc00000| Untracked 
|   2|0x000000060ce00000, 0x000000060ce00000, 0x000000060d000000|  0%| F|  |TAMS 0x000000060ce00000, 0x000000060ce00000| Untracked 
|   3|0x000000060d000000, 0x000000060d000000, 0x000000060d200000|  0%| F|  |TAMS 0x000000060d000000, 0x000000060d000000| Untracked 
|   4|0x000000060d200000, 0x000000060d200000, 0x000000060d400000|  0%| F|  |TAMS 0x000000060d200000, 0x000000060d200000| Untracked 
|   5|0x000000060d400000, 0x000000060d400000, 0x000000060d600000|  0%| F|  |TAMS 0x000000060d400000, 0x000000060d400000| Untracked 
|   6|0x000000060d600000, 0x000000060d600000, 0x000000060d800000|  0%| F|  |TAMS 0x000000060d600000, 0x000000060d600000| Untracked 
|   7|0x000000060d800000, 0x000000060d800000, 0x000000060da00000|  0%| F|  |TAMS 0x000000060d800000, 0x000000060d800000| Untracked 
|   8|0x000000060da00000, 0x000000060da00000, 0x000000060dc00000|  0%| F|  |TAMS 0x000000060da00000, 0x000000060da00000| Untracked 
|   9|0x000000060dc00000, 0x000000060dc00000, 0x000000060de00000|  0%| F|  |TAMS 0x000000060dc00000, 0x000000060dc00000| Untracked 
|  10|0x000000060de00000, 0x000000060de00000, 0x000000060e000000|  0%| F|  |TAMS 0x000000060de00000, 0x000000060de00000| Untracked 
|  11|0x000000060e000000, 0x000000060e000000, 0x000000060e200000|  0%| F|  |TAMS 0x000000060e000000, 0x000000060e000000| Untracked 
|  12|0x000000060e200000, 0x000000060e200000, 0x000000060e400000|  0%| F|  |TAMS 0x000000060e200000, 0x000000060e200000| Untracked 
|  13|0x000000060e400000, 0x000000060e400000, 0x000000060e600000|  0%| F|  |TAMS 0x000000060e400000, 0x000000060e400000| Untracked 
|  14|0x000000060e600000, 0x000000060e600000, 0x000000060e800000|  0%| F|  |TAMS 0x000000060e600000, 0x000000060e600000| Untracked 
|  15|0x000000060e800000, 0x000000060e800000, 0x000000060ea00000|  0%| F|  |TAMS 0x000000060e800000, 0x000000060e800000| Untracked 
|  16|0x000000060ea00000, 0x000000060ea00000, 0x000000060ec00000|  0%| F|  |TAMS 0x000000060ea00000, 0x000000060ea00000| Untracked 
|  17|0x000000060ec00000, 0x000000060ec00000, 0x000000060ee00000|  0%| F|  |TAMS 0x000000060ec00000, 0x000000060ec00000| Untracked 
|  18|0x000000060ee00000, 0x000000060ee00000, 0x000000060f000000|  0%| F|  |TAMS 0x000000060ee00000, 0x000000060ee00000| Untracked 
|  19|0x000000060f000000, 0x000000060f000000, 0x000000060f200000|  0%| F|  |TAMS 0x000000060f000000, 0x000000060f000000| Untracked 
|  20|0x000000060f200000, 0x000000060f200000, 0x000000060f400000|  0%| F|  |TAMS 0x000000060f200000, 0x000000060f200000| Untracked 
|  21|0x000000060f400000, 0x000000060f400000, 0x000000060f600000|  0%| F|  |TAMS 0x000000060f400000, 0x000000060f400000| Untracked 
|  22|0x000000060f600000, 0x000000060f600000, 0x000000060f800000|  0%| F|  |TAMS 0x000000060f600000, 0x000000060f600000| Untracked 
|  23|0x000000060f800000, 0x000000060f800000, 0x000000060fa00000|  0%| F|  |TAMS 0x000000060f800000, 0x000000060f800000| Untracked 
|  24|0x000000060fa00000, 0x000000060fa00000, 0x000000060fc00000|  0%| F|  |TAMS 0x000000060fa00000, 0x000000060fa00000| Untracked 
|  25|0x000000060fc00000, 0x000000060fc00000, 0x000000060fe00000|  0%| F|  |TAMS 0x000000060fc00000, 0x000000060fc00000| Untracked 
|  26|0x000000060fe00000, 0x000000060fe00000, 0x0000000610000000|  0%| F|  |TAMS 0x000000060fe00000, 0x000000060fe00000| Untracked 
|  27|0x0000000610000000, 0x0000000610000000, 0x0000000610200000|  0%| F|  |TAMS 0x0000000610000000, 0x0000000610000000| Untracked 
|  28|0x0000000610200000, 0x0000000610200000, 0x0000000610400000|  0%| F|  |TAMS 0x0000000610200000, 0x0000000610200000| Untracked 
|  29|0x0000000610400000, 0x0000000610400000, 0x0000000610600000|  0%| F|  |TAMS 0x0000000610400000, 0x0000000610400000| Untracked 
|  30|0x0000000610600000, 0x0000000610600000, 0x0000000610800000|  0%| F|  |TAMS 0x0000000610600000, 0x0000000610600000| Untracked 
|  31|0x0000000610800000, 0x0000000610800000, 0x0000000610a00000|  0%| F|  |TAMS 0x0000000610800000, 0x0000000610800000| Untracked 
|  32|0x0000000610a00000, 0x0000000610a00000, 0x0000000610c00000|  0%| F|  |TAMS 0x0000000610a00000, 0x0000000610a00000| Untracked 
|  33|0x0000000610c00000, 0x0000000610c00000, 0x0000000610e00000|  0%| F|  |TAMS 0x0000000610c00000, 0x0000000610c00000| Untracked 
|  34|0x0000000610e00000, 0x0000000610e00000, 0x0000000611000000|  0%| F|  |TAMS 0x0000000610e00000, 0x0000000610e00000| Untracked 
|  35|0x0000000611000000, 0x0000000611000000, 0x0000000611200000|  0%| F|  |TAMS 0x0000000611000000, 0x0000000611000000| Untracked 
|  36|0x0000000611200000, 0x0000000611200000, 0x0000000611400000|  0%| F|  |TAMS 0x0000000611200000, 0x0000000611200000| Untracked 
|  37|0x0000000611400000, 0x0000000611400000, 0x0000000611600000|  0%| F|  |TAMS 0x0000000611400000, 0x0000000611400000| Untracked 
|  38|0x0000000611600000, 0x0000000611600000, 0x0000000611800000|  0%| F|  |TAMS 0x0000000611600000, 0x0000000611600000| Untracked 
|  39|0x0000000611800000, 0x0000000611800000, 0x0000000611a00000|  0%| F|  |TAMS 0x0000000611800000, 0x0000000611800000| Untracked 
|  40|0x0000000611a00000, 0x0000000611a00000, 0x0000000611c00000|  0%| F|  |TAMS 0x0000000611a00000, 0x0000000611a00000| Untracked 
|  41|0x0000000611c00000, 0x0000000611c00000, 0x0000000611e00000|  0%| F|  |TAMS 0x0000000611c00000, 0x0000000611c00000| Untracked 
|  42|0x0000000611e00000, 0x0000000611e00000, 0x0000000612000000|  0%| F|  |TAMS 0x0000000611e00000, 0x0000000611e00000| Untracked 
|  43|0x0000000612000000, 0x0000000612000000, 0x0000000612200000|  0%| F|  |TAMS 0x0000000612000000, 0x0000000612000000| Untracked 
|  44|0x0000000612200000, 0x0000000612200000, 0x0000000612400000|  0%| F|  |TAMS 0x0000000612200000, 0x0000000612200000| Untracked 
|  45|0x0000000612400000, 0x0000000612400000, 0x0000000612600000|  0%| F|  |TAMS 0x0000000612400000, 0x0000000612400000| Untracked 
|  46|0x0000000612600000, 0x0000000612600000, 0x0000000612800000|  0%| F|  |TAMS 0x0000000612600000, 0x0000000612600000| Untracked 
|  47|0x0000000612800000, 0x0000000612800000, 0x0000000612a00000|  0%| F|  |TAMS 0x0000000612800000, 0x0000000612800000| Untracked 
|  48|0x0000000612a00000, 0x0000000612a00000, 0x0000000612c00000|  0%| F|  |TAMS 0x0000000612a00000, 0x0000000612a00000| Untracked 
|  49|0x0000000612c00000, 0x0000000612c00000, 0x0000000612e00000|  0%| F|  |TAMS 0x0000000612c00000, 0x0000000612c00000| Untracked 
|  50|0x0000000612e00000, 0x0000000612e00000, 0x0000000613000000|  0%| F|  |TAMS 0x0000000612e00000, 0x0000000612e00000| Untracked 
|  51|0x0000000613000000, 0x0000000613000000, 0x0000000613200000|  0%| F|  |TAMS 0x0000000613000000, 0x0000000613000000| Untracked 
|  52|0x0000000613200000, 0x0000000613200000, 0x0000000613400000|  0%| F|  |TAMS 0x0000000613200000, 0x0000000613200000| Untracked 
|  53|0x0000000613400000, 0x0000000613400000, 0x0000000613600000|  0%| F|  |TAMS 0x0000000613400000, 0x0000000613400000| Untracked 
|  54|0x0000000613600000, 0x0000000613600000, 0x0000000613800000|  0%| F|  |TAMS 0x0000000613600000, 0x0000000613600000| Untracked 
|  55|0x0000000613800000, 0x0000000613800000, 0x0000000613a00000|  0%| F|  |TAMS 0x0000000613800000, 0x0000000613800000| Untracked 
|  56|0x0000000613a00000, 0x0000000613a00000, 0x0000000613c00000|  0%| F|  |TAMS 0x0000000613a00000, 0x0000000613a00000| Untracked 
|  57|0x0000000613c00000, 0x0000000613c00000, 0x0000000613e00000|  0%| F|  |TAMS 0x0000000613c00000, 0x0000000613c00000| Untracked 
|  58|0x0000000613e00000, 0x0000000613e00000, 0x0000000614000000|  0%| F|  |TAMS 0x0000000613e00000, 0x0000000613e00000| Untracked 
|  59|0x0000000614000000, 0x0000000614000000, 0x0000000614200000|  0%| F|  |TAMS 0x0000000614000000, 0x0000000614000000| Untracked 
|  60|0x0000000614200000, 0x0000000614200000, 0x0000000614400000|  0%| F|  |TAMS 0x0000000614200000, 0x0000000614200000| Untracked 
|  61|0x0000000614400000, 0x0000000614400000, 0x0000000614600000|  0%| F|  |TAMS 0x0000000614400000, 0x0000000614400000| Untracked 
|  62|0x0000000614600000, 0x0000000614600000, 0x0000000614800000|  0%| F|  |TAMS 0x0000000614600000, 0x0000000614600000| Untracked 
|  63|0x0000000614800000, 0x0000000614800000, 0x0000000614a00000|  0%| F|  |TAMS 0x0000000614800000, 0x0000000614800000| Untracked 
|  64|0x0000000614a00000, 0x0000000614a00000, 0x0000000614c00000|  0%| F|  |TAMS 0x0000000614a00000, 0x0000000614a00000| Untracked 
|  65|0x0000000614c00000, 0x0000000614c00000, 0x0000000614e00000|  0%| F|  |TAMS 0x0000000614c00000, 0x0000000614c00000| Untracked 
|  66|0x0000000614e00000, 0x0000000614e00000, 0x0000000615000000|  0%| F|  |TAMS 0x0000000614e00000, 0x0000000614e00000| Untracked 
|  67|0x0000000615000000, 0x0000000615000000, 0x0000000615200000|  0%| F|  |TAMS 0x0000000615000000, 0x0000000615000000| Untracked 
|  68|0x0000000615200000, 0x0000000615200000, 0x0000000615400000|  0%| F|  |TAMS 0x0000000615200000, 0x0000000615200000| Untracked 
|  69|0x0000000615400000, 0x0000000615400000, 0x0000000615600000|  0%| F|  |TAMS 0x0000000615400000, 0x0000000615400000| Untracked 
|  70|0x0000000615600000, 0x0000000615600000, 0x0000000615800000|  0%| F|  |TAMS 0x0000000615600000, 0x0000000615600000| Untracked 
|  71|0x0000000615800000, 0x0000000615800000, 0x0000000615a00000|  0%| F|  |TAMS 0x0000000615800000, 0x0000000615800000| Untracked 
|  72|0x0000000615a00000, 0x0000000615a00000, 0x0000000615c00000|  0%| F|  |TAMS 0x0000000615a00000, 0x0000000615a00000| Untracked 
|  73|0x0000000615c00000, 0x0000000615c00000, 0x0000000615e00000|  0%| F|  |TAMS 0x0000000615c00000, 0x0000000615c00000| Untracked 
|  74|0x0000000615e00000, 0x0000000615e00000, 0x0000000616000000|  0%| F|  |TAMS 0x0000000615e00000, 0x0000000615e00000| Untracked 
|  75|0x0000000616000000, 0x0000000616000000, 0x0000000616200000|  0%| F|  |TAMS 0x0000000616000000, 0x0000000616000000| Untracked 
|  76|0x0000000616200000, 0x0000000616200000, 0x0000000616400000|  0%| F|  |TAMS 0x0000000616200000, 0x0000000616200000| Untracked 
|  77|0x0000000616400000, 0x0000000616400000, 0x0000000616600000|  0%| F|  |TAMS 0x0000000616400000, 0x0000000616400000| Untracked 
|  78|0x0000000616600000, 0x0000000616600000, 0x0000000616800000|  0%| F|  |TAMS 0x0000000616600000, 0x0000000616600000| Untracked 
|  79|0x0000000616800000, 0x0000000616800000, 0x0000000616a00000|  0%| F|  |TAMS 0x0000000616800000, 0x0000000616800000| Untracked 
|  80|0x0000000616a00000, 0x0000000616a00000, 0x0000000616c00000|  0%| F|  |TAMS 0x0000000616a00000, 0x0000000616a00000| Untracked 
|  81|0x0000000616c00000, 0x0000000616c00000, 0x0000000616e00000|  0%| F|  |TAMS 0x0000000616c00000, 0x0000000616c00000| Untracked 
|  82|0x0000000616e00000, 0x0000000616e00000, 0x0000000617000000|  0%| F|  |TAMS 0x0000000616e00000, 0x0000000616e00000| Untracked 
|  83|0x0000000617000000, 0x0000000617000000, 0x0000000617200000|  0%| F|  |TAMS 0x0000000617000000, 0x0000000617000000| Untracked 
|  84|0x0000000617200000, 0x0000000617200000, 0x0000000617400000|  0%| F|  |TAMS 0x0000000617200000, 0x0000000617200000| Untracked 
|  85|0x0000000617400000, 0x0000000617400000, 0x0000000617600000|  0%| F|  |TAMS 0x0000000617400000, 0x0000000617400000| Untracked 
|  86|0x0000000617600000, 0x0000000617600000, 0x0000000617800000|  0%| F|  |TAMS 0x0000000617600000, 0x0000000617600000| Untracked 
|  87|0x0000000617800000, 0x0000000617800000, 0x0000000617a00000|  0%| F|  |TAMS 0x0000000617800000, 0x0000000617800000| Untracked 
|  88|0x0000000617a00000, 0x0000000617a00000, 0x0000000617c00000|  0%| F|  |TAMS 0x0000000617a00000, 0x0000000617a00000| Untracked 
|  89|0x0000000617c00000, 0x0000000617c00000, 0x0000000617e00000|  0%| F|  |TAMS 0x0000000617c00000, 0x0000000617c00000| Untracked 
|  90|0x0000000617e00000, 0x0000000617e00000, 0x0000000618000000|  0%| F|  |TAMS 0x0000000617e00000, 0x0000000617e00000| Untracked 
|  91|0x0000000618000000, 0x0000000618000000, 0x0000000618200000|  0%| F|  |TAMS 0x0000000618000000, 0x0000000618000000| Untracked 
|  92|0x0000000618200000, 0x0000000618200000, 0x0000000618400000|  0%| F|  |TAMS 0x0000000618200000, 0x0000000618200000| Untracked 
|  93|0x0000000618400000, 0x0000000618400000, 0x0000000618600000|  0%| F|  |TAMS 0x0000000618400000, 0x0000000618400000| Untracked 
|  94|0x0000000618600000, 0x0000000618600000, 0x0000000618800000|  0%| F|  |TAMS 0x0000000618600000, 0x0000000618600000| Untracked 
|  95|0x0000000618800000, 0x0000000618800000, 0x0000000618a00000|  0%| F|  |TAMS 0x0000000618800000, 0x0000000618800000| Untracked 
|  96|0x0000000618a00000, 0x0000000618a00000, 0x0000000618c00000|  0%| F|  |TAMS 0x0000000618a00000, 0x0000000618a00000| Untracked 
|  97|0x0000000618c00000, 0x0000000618c00000, 0x0000000618e00000|  0%| F|  |TAMS 0x0000000618c00000, 0x0000000618c00000| Untracked 
|  98|0x0000000618e00000, 0x0000000618e00000, 0x0000000619000000|  0%| F|  |TAMS 0x0000000618e00000, 0x0000000618e00000| Untracked 
|  99|0x0000000619000000, 0x0000000619000000, 0x0000000619200000|  0%| F|  |TAMS 0x0000000619000000, 0x0000000619000000| Untracked 
| 100|0x0000000619200000, 0x0000000619200000, 0x0000000619400000|  0%| F|  |TAMS 0x0000000619200000, 0x0000000619200000| Untracked 
| 101|0x0000000619400000, 0x0000000619400000, 0x0000000619600000|  0%| F|  |TAMS 0x0000000619400000, 0x0000000619400000| Untracked 
| 102|0x0000000619600000, 0x0000000619600000, 0x0000000619800000|  0%| F|  |TAMS 0x0000000619600000, 0x0000000619600000| Untracked 
| 103|0x0000000619800000, 0x0000000619800000, 0x0000000619a00000|  0%| F|  |TAMS 0x0000000619800000, 0x0000000619800000| Untracked 
| 104|0x0000000619a00000, 0x0000000619a00000, 0x0000000619c00000|  0%| F|  |TAMS 0x0000000619a00000, 0x0000000619a00000| Untracked 
| 105|0x0000000619c00000, 0x0000000619c00000, 0x0000000619e00000|  0%| F|  |TAMS 0x0000000619c00000, 0x0000000619c00000| Untracked 
| 106|0x0000000619e00000, 0x0000000619e00000, 0x000000061a000000|  0%| F|  |TAMS 0x0000000619e00000, 0x0000000619e00000| Untracked 
| 107|0x000000061a000000, 0x000000061a000000, 0x000000061a200000|  0%| F|  |TAMS 0x000000061a000000, 0x000000061a000000| Untracked 
| 108|0x000000061a200000, 0x000000061a200000, 0x000000061a400000|  0%| F|  |TAMS 0x000000061a200000, 0x000000061a200000| Untracked 
| 109|0x000000061a400000, 0x000000061a400000, 0x000000061a600000|  0%| F|  |TAMS 0x000000061a400000, 0x000000061a400000| Untracked 
| 110|0x000000061a600000, 0x000000061a600000, 0x000000061a800000|  0%| F|  |TAMS 0x000000061a600000, 0x000000061a600000| Untracked 
| 111|0x000000061a800000, 0x000000061a800000, 0x000000061aa00000|  0%| F|  |TAMS 0x000000061a800000, 0x000000061a800000| Untracked 
| 112|0x000000061aa00000, 0x000000061aa00000, 0x000000061ac00000|  0%| F|  |TAMS 0x000000061aa00000, 0x000000061aa00000| Untracked 
| 113|0x000000061ac00000, 0x000000061ac00000, 0x000000061ae00000|  0%| F|  |TAMS 0x000000061ac00000, 0x000000061ac00000| Untracked 
| 114|0x000000061ae00000, 0x000000061ae00000, 0x000000061b000000|  0%| F|  |TAMS 0x000000061ae00000, 0x000000061ae00000| Untracked 
| 115|0x000000061b000000, 0x000000061b000000, 0x000000061b200000|  0%| F|  |TAMS 0x000000061b000000, 0x000000061b000000| Untracked 
| 116|0x000000061b200000, 0x000000061b200000, 0x000000061b400000|  0%| F|  |TAMS 0x000000061b200000, 0x000000061b200000| Untracked 
| 117|0x000000061b400000, 0x000000061b400000, 0x000000061b600000|  0%| F|  |TAMS 0x000000061b400000, 0x000000061b400000| Untracked 
| 118|0x000000061b600000, 0x000000061b600000, 0x000000061b800000|  0%| F|  |TAMS 0x000000061b600000, 0x000000061b600000| Untracked 
| 119|0x000000061b800000, 0x000000061b800000, 0x000000061ba00000|  0%| F|  |TAMS 0x000000061b800000, 0x000000061b800000| Untracked 
| 120|0x000000061ba00000, 0x000000061ba00000, 0x000000061bc00000|  0%| F|  |TAMS 0x000000061ba00000, 0x000000061ba00000| Untracked 
| 121|0x000000061bc00000, 0x000000061bc00000, 0x000000061be00000|  0%| F|  |TAMS 0x000000061bc00000, 0x000000061bc00000| Untracked 
| 122|0x000000061be00000, 0x000000061be00000, 0x000000061c000000|  0%| F|  |TAMS 0x000000061be00000, 0x000000061be00000| Untracked 
| 123|0x000000061c000000, 0x000000061c000000, 0x000000061c200000|  0%| F|  |TAMS 0x000000061c000000, 0x000000061c000000| Untracked 
| 124|0x000000061c200000, 0x000000061c200000, 0x000000061c400000|  0%| F|  |TAMS 0x000000061c200000, 0x000000061c200000| Untracked 
| 125|0x000000061c400000, 0x000000061c400000, 0x000000061c600000|  0%| F|  |TAMS 0x000000061c400000, 0x000000061c400000| Untracked 
| 126|0x000000061c600000, 0x000000061c600000, 0x000000061c800000|  0%| F|  |TAMS 0x000000061c600000, 0x000000061c600000| Untracked 
| 127|0x000000061c800000, 0x000000061c800000, 0x000000061ca00000|  0%| F|  |TAMS 0x000000061c800000, 0x000000061c800000| Untracked 
| 128|0x000000061ca00000, 0x000000061ca00000, 0x000000061cc00000|  0%| F|  |TAMS 0x000000061ca00000, 0x000000061ca00000| Untracked 
| 129|0x000000061cc00000, 0x000000061cc00000, 0x000000061ce00000|  0%| F|  |TAMS 0x000000061cc00000, 0x000000061cc00000| Untracked 
| 130|0x000000061ce00000, 0x000000061ce00000, 0x000000061d000000|  0%| F|  |TAMS 0x000000061ce00000, 0x000000061ce00000| Untracked 
| 131|0x000000061d000000, 0x000000061d000000, 0x000000061d200000|  0%| F|  |TAMS 0x000000061d000000, 0x000000061d000000| Untracked 
| 132|0x000000061d200000, 0x000000061d200000, 0x000000061d400000|  0%| F|  |TAMS 0x000000061d200000, 0x000000061d200000| Untracked 
| 133|0x000000061d400000, 0x000000061d400000, 0x000000061d600000|  0%| F|  |TAMS 0x000000061d400000, 0x000000061d400000| Untracked 
| 134|0x000000061d600000, 0x000000061d600000, 0x000000061d800000|  0%| F|  |TAMS 0x000000061d600000, 0x000000061d600000| Untracked 
| 135|0x000000061d800000, 0x000000061d800000, 0x000000061da00000|  0%| F|  |TAMS 0x000000061d800000, 0x000000061d800000| Untracked 
| 136|0x000000061da00000, 0x000000061da00000, 0x000000061dc00000|  0%| F|  |TAMS 0x000000061da00000, 0x000000061da00000| Untracked 
| 137|0x000000061dc00000, 0x000000061dc00000, 0x000000061de00000|  0%| F|  |TAMS 0x000000061dc00000, 0x000000061dc00000| Untracked 
| 138|0x000000061de00000, 0x000000061de00000, 0x000000061e000000|  0%| F|  |TAMS 0x000000061de00000, 0x000000061de00000| Untracked 
| 139|0x000000061e000000, 0x000000061e000000, 0x000000061e200000|  0%| F|  |TAMS 0x000000061e000000, 0x000000061e000000| Untracked 
| 140|0x000000061e200000, 0x000000061e200000, 0x000000061e400000|  0%| F|  |TAMS 0x000000061e200000, 0x000000061e200000| Untracked 
| 141|0x000000061e400000, 0x000000061e400000, 0x000000061e600000|  0%| F|  |TAMS 0x000000061e400000, 0x000000061e400000| Untracked 
| 142|0x000000061e600000, 0x000000061e600000, 0x000000061e800000|  0%| F|  |TAMS 0x000000061e600000, 0x000000061e600000| Untracked 
| 143|0x000000061e800000, 0x000000061e800000, 0x000000061ea00000|  0%| F|  |TAMS 0x000000061e800000, 0x000000061e800000| Untracked 
| 144|0x000000061ea00000, 0x000000061ea00000, 0x000000061ec00000|  0%| F|  |TAMS 0x000000061ea00000, 0x000000061ea00000| Untracked 
| 145|0x000000061ec00000, 0x000000061ec00000, 0x000000061ee00000|  0%| F|  |TAMS 0x000000061ec00000, 0x000000061ec00000| Untracked 
| 146|0x000000061ee00000, 0x000000061ee00000, 0x000000061f000000|  0%| F|  |TAMS 0x000000061ee00000, 0x000000061ee00000| Untracked 
| 147|0x000000061f000000, 0x000000061f000000, 0x000000061f200000|  0%| F|  |TAMS 0x000000061f000000, 0x000000061f000000| Untracked 
| 148|0x000000061f200000, 0x000000061f200000, 0x000000061f400000|  0%| F|  |TAMS 0x000000061f200000, 0x000000061f200000| Untracked 
| 149|0x000000061f400000, 0x000000061f400000, 0x000000061f600000|  0%| F|  |TAMS 0x000000061f400000, 0x000000061f400000| Untracked 
| 150|0x000000061f600000, 0x000000061f600000, 0x000000061f800000|  0%| F|  |TAMS 0x000000061f600000, 0x000000061f600000| Untracked 
| 151|0x000000061f800000, 0x000000061f800000, 0x000000061fa00000|  0%| F|  |TAMS 0x000000061f800000, 0x000000061f800000| Untracked 
| 152|0x000000061fa00000, 0x000000061fa00000, 0x000000061fc00000|  0%| F|  |TAMS 0x000000061fa00000, 0x000000061fa00000| Untracked 
| 153|0x000000061fc00000, 0x000000061fc00000, 0x000000061fe00000|  0%| F|  |TAMS 0x000000061fc00000, 0x000000061fc00000| Untracked 
| 154|0x000000061fe00000, 0x000000061fe00000, 0x0000000620000000|  0%| F|  |TAMS 0x000000061fe00000, 0x000000061fe00000| Untracked 
| 155|0x0000000620000000, 0x0000000620000000, 0x0000000620200000|  0%| F|  |TAMS 0x0000000620000000, 0x0000000620000000| Untracked 
| 156|0x0000000620200000, 0x0000000620200000, 0x0000000620400000|  0%| F|  |TAMS 0x0000000620200000, 0x0000000620200000| Untracked 
| 157|0x0000000620400000, 0x0000000620400000, 0x0000000620600000|  0%| F|  |TAMS 0x0000000620400000, 0x0000000620400000| Untracked 
| 158|0x0000000620600000, 0x0000000620600000, 0x0000000620800000|  0%| F|  |TAMS 0x0000000620600000, 0x0000000620600000| Untracked 
| 159|0x0000000620800000, 0x0000000620800000, 0x0000000620a00000|  0%| F|  |TAMS 0x0000000620800000, 0x0000000620800000| Untracked 
| 160|0x0000000620a00000, 0x0000000620a00000, 0x0000000620c00000|  0%| F|  |TAMS 0x0000000620a00000, 0x0000000620a00000| Untracked 
| 161|0x0000000620c00000, 0x0000000620c00000, 0x0000000620e00000|  0%| F|  |TAMS 0x0000000620c00000, 0x0000000620c00000| Untracked 
| 162|0x0000000620e00000, 0x0000000620e00000, 0x0000000621000000|  0%| F|  |TAMS 0x0000000620e00000, 0x0000000620e00000| Untracked 
| 163|0x0000000621000000, 0x0000000621000000, 0x0000000621200000|  0%| F|  |TAMS 0x0000000621000000, 0x0000000621000000| Untracked 
| 164|0x0000000621200000, 0x0000000621200000, 0x0000000621400000|  0%| F|  |TAMS 0x0000000621200000, 0x0000000621200000| Untracked 
| 165|0x0000000621400000, 0x0000000621400000, 0x0000000621600000|  0%| F|  |TAMS 0x0000000621400000, 0x0000000621400000| Untracked 
| 166|0x0000000621600000, 0x0000000621600000, 0x0000000621800000|  0%| F|  |TAMS 0x0000000621600000, 0x0000000621600000| Untracked 
| 167|0x0000000621800000, 0x0000000621800000, 0x0000000621a00000|  0%| F|  |TAMS 0x0000000621800000, 0x0000000621800000| Untracked 
| 168|0x0000000621a00000, 0x0000000621a00000, 0x0000000621c00000|  0%| F|  |TAMS 0x0000000621a00000, 0x0000000621a00000| Untracked 
| 169|0x0000000621c00000, 0x0000000621c00000, 0x0000000621e00000|  0%| F|  |TAMS 0x0000000621c00000, 0x0000000621c00000| Untracked 
| 170|0x0000000621e00000, 0x0000000621e00000, 0x0000000622000000|  0%| F|  |TAMS 0x0000000621e00000, 0x0000000621e00000| Untracked 
| 171|0x0000000622000000, 0x0000000622000000, 0x0000000622200000|  0%| F|  |TAMS 0x0000000622000000, 0x0000000622000000| Untracked 
| 172|0x0000000622200000, 0x0000000622200000, 0x0000000622400000|  0%| F|  |TAMS 0x0000000622200000, 0x0000000622200000| Untracked 
| 173|0x0000000622400000, 0x0000000622400000, 0x0000000622600000|  0%| F|  |TAMS 0x0000000622400000, 0x0000000622400000| Untracked 
| 174|0x0000000622600000, 0x0000000622600000, 0x0000000622800000|  0%| F|  |TAMS 0x0000000622600000, 0x0000000622600000| Untracked 
| 175|0x0000000622800000, 0x0000000622800000, 0x0000000622a00000|  0%| F|  |TAMS 0x0000000622800000, 0x0000000622800000| Untracked 
| 176|0x0000000622a00000, 0x0000000622a00000, 0x0000000622c00000|  0%| F|  |TAMS 0x0000000622a00000, 0x0000000622a00000| Untracked 
| 177|0x0000000622c00000, 0x0000000622c00000, 0x0000000622e00000|  0%| F|  |TAMS 0x0000000622c00000, 0x0000000622c00000| Untracked 
| 178|0x0000000622e00000, 0x0000000622e00000, 0x0000000623000000|  0%| F|  |TAMS 0x0000000622e00000, 0x0000000622e00000| Untracked 
| 179|0x0000000623000000, 0x0000000623000000, 0x0000000623200000|  0%| F|  |TAMS 0x0000000623000000, 0x0000000623000000| Untracked 
| 180|0x0000000623200000, 0x0000000623200000, 0x0000000623400000|  0%| F|  |TAMS 0x0000000623200000, 0x0000000623200000| Untracked 
| 181|0x0000000623400000, 0x0000000623400000, 0x0000000623600000|  0%| F|  |TAMS 0x0000000623400000, 0x0000000623400000| Untracked 
| 182|0x0000000623600000, 0x0000000623600000, 0x0000000623800000|  0%| F|  |TAMS 0x0000000623600000, 0x0000000623600000| Untracked 
| 183|0x0000000623800000, 0x0000000623800000, 0x0000000623a00000|  0%| F|  |TAMS 0x0000000623800000, 0x0000000623800000| Untracked 
| 184|0x0000000623a00000, 0x0000000623a00000, 0x0000000623c00000|  0%| F|  |TAMS 0x0000000623a00000, 0x0000000623a00000| Untracked 
| 185|0x0000000623c00000, 0x0000000623c00000, 0x0000000623e00000|  0%| F|  |TAMS 0x0000000623c00000, 0x0000000623c00000| Untracked 
| 186|0x0000000623e00000, 0x0000000623e00000, 0x0000000624000000|  0%| F|  |TAMS 0x0000000623e00000, 0x0000000623e00000| Untracked 
| 187|0x0000000624000000, 0x0000000624000000, 0x0000000624200000|  0%| F|  |TAMS 0x0000000624000000, 0x0000000624000000| Untracked 
| 188|0x0000000624200000, 0x0000000624200000, 0x0000000624400000|  0%| F|  |TAMS 0x0000000624200000, 0x0000000624200000| Untracked 
| 189|0x0000000624400000, 0x0000000624400000, 0x0000000624600000|  0%| F|  |TAMS 0x0000000624400000, 0x0000000624400000| Untracked 
| 190|0x0000000624600000, 0x0000000624600000, 0x0000000624800000|  0%| F|  |TAMS 0x0000000624600000, 0x0000000624600000| Untracked 
| 191|0x0000000624800000, 0x0000000624800000, 0x0000000624a00000|  0%| F|  |TAMS 0x0000000624800000, 0x0000000624800000| Untracked 
| 192|0x0000000624a00000, 0x0000000624a00000, 0x0000000624c00000|  0%| F|  |TAMS 0x0000000624a00000, 0x0000000624a00000| Untracked 
| 193|0x0000000624c00000, 0x0000000624c00000, 0x0000000624e00000|  0%| F|  |TAMS 0x0000000624c00000, 0x0000000624c00000| Untracked 
| 194|0x0000000624e00000, 0x0000000624e00000, 0x0000000625000000|  0%| F|  |TAMS 0x0000000624e00000, 0x0000000624e00000| Untracked 
| 195|0x0000000625000000, 0x0000000625000000, 0x0000000625200000|  0%| F|  |TAMS 0x0000000625000000, 0x0000000625000000| Untracked 
| 196|0x0000000625200000, 0x0000000625200000, 0x0000000625400000|  0%| F|  |TAMS 0x0000000625200000, 0x0000000625200000| Untracked 
| 197|0x0000000625400000, 0x0000000625400000, 0x0000000625600000|  0%| F|  |TAMS 0x0000000625400000, 0x0000000625400000| Untracked 
| 198|0x0000000625600000, 0x0000000625600000, 0x0000000625800000|  0%| F|  |TAMS 0x0000000625600000, 0x0000000625600000| Untracked 
| 199|0x0000000625800000, 0x0000000625800000, 0x0000000625a00000|  0%| F|  |TAMS 0x0000000625800000, 0x0000000625800000| Untracked 
| 200|0x0000000625a00000, 0x0000000625a00000, 0x0000000625c00000|  0%| F|  |TAMS 0x0000000625a00000, 0x0000000625a00000| Untracked 
| 201|0x0000000625c00000, 0x0000000625c00000, 0x0000000625e00000|  0%| F|  |TAMS 0x0000000625c00000, 0x0000000625c00000| Untracked 
| 202|0x0000000625e00000, 0x0000000625e00000, 0x0000000626000000|  0%| F|  |TAMS 0x0000000625e00000, 0x0000000625e00000| Untracked 
| 203|0x0000000626000000, 0x0000000626000000, 0x0000000626200000|  0%| F|  |TAMS 0x0000000626000000, 0x0000000626000000| Untracked 
| 204|0x0000000626200000, 0x0000000626200000, 0x0000000626400000|  0%| F|  |TAMS 0x0000000626200000, 0x0000000626200000| Untracked 
| 205|0x0000000626400000, 0x0000000626400000, 0x0000000626600000|  0%| F|  |TAMS 0x0000000626400000, 0x0000000626400000| Untracked 
| 206|0x0000000626600000, 0x0000000626600000, 0x0000000626800000|  0%| F|  |TAMS 0x0000000626600000, 0x0000000626600000| Untracked 
| 207|0x0000000626800000, 0x0000000626800000, 0x0000000626a00000|  0%| F|  |TAMS 0x0000000626800000, 0x0000000626800000| Untracked 
| 208|0x0000000626a00000, 0x0000000626a00000, 0x0000000626c00000|  0%| F|  |TAMS 0x0000000626a00000, 0x0000000626a00000| Untracked 
| 209|0x0000000626c00000, 0x0000000626c00000, 0x0000000626e00000|  0%| F|  |TAMS 0x0000000626c00000, 0x0000000626c00000| Untracked 
| 210|0x0000000626e00000, 0x0000000626e00000, 0x0000000627000000|  0%| F|  |TAMS 0x0000000626e00000, 0x0000000626e00000| Untracked 
| 211|0x0000000627000000, 0x0000000627000000, 0x0000000627200000|  0%| F|  |TAMS 0x0000000627000000, 0x0000000627000000| Untracked 
| 212|0x0000000627200000, 0x0000000627200000, 0x0000000627400000|  0%| F|  |TAMS 0x0000000627200000, 0x0000000627200000| Untracked 
| 213|0x0000000627400000, 0x0000000627400000, 0x0000000627600000|  0%| F|  |TAMS 0x0000000627400000, 0x0000000627400000| Untracked 
| 214|0x0000000627600000, 0x0000000627800000, 0x0000000627800000|100%| E|  |TAMS 0x0000000627600000, 0x0000000627600000| Complete 
| 215|0x0000000627800000, 0x0000000627a00000, 0x0000000627a00000|100%| E|CS|TAMS 0x0000000627800000, 0x0000000627800000| Complete 
| 216|0x0000000627a00000, 0x0000000627c00000, 0x0000000627c00000|100%| E|CS|TAMS 0x0000000627a00000, 0x0000000627a00000| Complete 
| 217|0x0000000627c00000, 0x0000000627e00000, 0x0000000627e00000|100%| E|CS|TAMS 0x0000000627c00000, 0x0000000627c00000| Complete 
| 218|0x0000000627e00000, 0x0000000628000000, 0x0000000628000000|100%| E|CS|TAMS 0x0000000627e00000, 0x0000000627e00000| Complete 
| 219|0x0000000628000000, 0x0000000628200000, 0x0000000628200000|100%| E|CS|TAMS 0x0000000628000000, 0x0000000628000000| Complete 
| 220|0x0000000628200000, 0x0000000628400000, 0x0000000628400000|100%| E|CS|TAMS 0x0000000628200000, 0x0000000628200000| Complete 
| 221|0x0000000628400000, 0x0000000628600000, 0x0000000628600000|100%| E|CS|TAMS 0x0000000628400000, 0x0000000628400000| Complete 
| 222|0x0000000628600000, 0x0000000628800000, 0x0000000628800000|100%| E|CS|TAMS 0x0000000628600000, 0x0000000628600000| Complete 
| 223|0x0000000628800000, 0x0000000628a00000, 0x0000000628a00000|100%| E|CS|TAMS 0x0000000628800000, 0x0000000628800000| Complete 
| 224|0x0000000628a00000, 0x0000000628c00000, 0x0000000628c00000|100%| E|CS|TAMS 0x0000000628a00000, 0x0000000628a00000| Complete 
| 225|0x0000000628c00000, 0x0000000628e00000, 0x0000000628e00000|100%| E|CS|TAMS 0x0000000628c00000, 0x0000000628c00000| Complete 
| 226|0x0000000628e00000, 0x0000000629000000, 0x0000000629000000|100%| E|CS|TAMS 0x0000000628e00000, 0x0000000628e00000| Complete 
| 227|0x0000000629000000, 0x0000000629200000, 0x0000000629200000|100%| E|CS|TAMS 0x0000000629000000, 0x0000000629000000| Complete 
| 228|0x0000000629200000, 0x0000000629400000, 0x0000000629400000|100%| E|CS|TAMS 0x0000000629200000, 0x0000000629200000| Complete 
| 229|0x0000000629400000, 0x0000000629600000, 0x0000000629600000|100%| E|CS|TAMS 0x0000000629400000, 0x0000000629400000| Complete 
| 230|0x0000000629600000, 0x0000000629800000, 0x0000000629800000|100%| E|CS|TAMS 0x0000000629600000, 0x0000000629600000| Complete 
| 231|0x0000000629800000, 0x0000000629a00000, 0x0000000629a00000|100%| E|CS|TAMS 0x0000000629800000, 0x0000000629800000| Complete 
| 232|0x0000000629a00000, 0x0000000629c00000, 0x0000000629c00000|100%| E|CS|TAMS 0x0000000629a00000, 0x0000000629a00000| Complete 
| 233|0x0000000629c00000, 0x0000000629e00000, 0x0000000629e00000|100%| E|CS|TAMS 0x0000000629c00000, 0x0000000629c00000| Complete 
| 234|0x0000000629e00000, 0x000000062a000000, 0x000000062a000000|100%| E|CS|TAMS 0x0000000629e00000, 0x0000000629e00000| Complete 
| 235|0x000000062a000000, 0x000000062a200000, 0x000000062a200000|100%| E|CS|TAMS 0x000000062a000000, 0x000000062a000000| Complete 
| 236|0x000000062a200000, 0x000000062a400000, 0x000000062a400000|100%| S|CS|TAMS 0x000000062a200000, 0x000000062a200000| Complete 
| 237|0x000000062a400000, 0x000000062a600000, 0x000000062a600000|100%| S|CS|TAMS 0x000000062a400000, 0x000000062a400000| Complete 
| 238|0x000000062a600000, 0x000000062a800000, 0x000000062a800000|100%| E|CS|TAMS 0x000000062a600000, 0x000000062a600000| Complete 
| 239|0x000000062a800000, 0x000000062aa00000, 0x000000062aa00000|100%| E|CS|TAMS 0x000000062a800000, 0x000000062a800000| Complete 
| 240|0x000000062aa00000, 0x000000062ac00000, 0x000000062ac00000|100%| E|CS|TAMS 0x000000062aa00000, 0x000000062aa00000| Complete 
| 241|0x000000062ac00000, 0x000000062ae00000, 0x000000062ae00000|100%| E|CS|TAMS 0x000000062ac00000, 0x000000062ac00000| Complete 
| 242|0x000000062ae00000, 0x000000062b000000, 0x000000062b000000|100%| E|CS|TAMS 0x000000062ae00000, 0x000000062ae00000| Complete 
| 243|0x000000062b000000, 0x000000062b200000, 0x000000062b200000|100%| E|CS|TAMS 0x000000062b000000, 0x000000062b000000| Complete 
| 244|0x000000062b200000, 0x000000062b400000, 0x000000062b400000|100%| E|CS|TAMS 0x000000062b200000, 0x000000062b200000| Complete 
| 245|0x000000062b400000, 0x000000062b600000, 0x000000062b600000|100%| E|CS|TAMS 0x000000062b400000, 0x000000062b400000| Complete 
| 246|0x000000062b600000, 0x000000062b800000, 0x000000062b800000|100%| E|CS|TAMS 0x000000062b600000, 0x000000062b600000| Complete 
| 247|0x000000062b800000, 0x000000062ba00000, 0x000000062ba00000|100%| E|CS|TAMS 0x000000062b800000, 0x000000062b800000| Complete 
| 248|0x000000062ba00000, 0x000000062bc00000, 0x000000062bc00000|100%| E|CS|TAMS 0x000000062ba00000, 0x000000062ba00000| Complete 
| 249|0x000000062bc00000, 0x000000062be00000, 0x000000062be00000|100%| E|CS|TAMS 0x000000062bc00000, 0x000000062bc00000| Complete 

Card table byte_map: [0x000001dcc6750000,0x000001dcc76f0000] _byte_map_base: 0x000001dcc36eb000

Marking Bits (Prev, Next): (CMBitMap*) 0x000001dcadc7a168, (CMBitMap*) 0x000001dcadc7a1a0
 Prev Bits: [0x000001dcc8690000, 0x000001dcd0368000)
 Next Bits: [0x000001dcd0370000, 0x000001dcd8048000)

Polling page: 0x000001dcad400000

Metaspace:

Usage:
  Non-class:     16.30 MB capacity,    15.87 MB ( 97%) used,   380.13 KB (  2%) free+waste,    64.69 KB ( <1%) overhead. 
      Class:      2.51 MB capacity,     2.27 MB ( 91%) used,   211.69 KB (  8%) free+waste,    31.50 KB (  1%) overhead. 
       Both:     18.81 MB capacity,    18.14 MB ( 96%) used,   591.81 KB (  3%) free+waste,    96.19 KB ( <1%) overhead. 

Virtual space:
  Non-class space:       18.00 MB reserved,      16.50 MB ( 92%) committed 
      Class space:        1.00 GB reserved,       2.63 MB ( <1%) committed 
             Both:        1.02 GB reserved,      19.13 MB (  2%) committed 

Chunk freelists:
   Non-Class:  1.50 KB
       Class:  2.50 KB
        Both:  4.00 KB

CodeHeap 'non-profiled nmethods': size=119168Kb used=814Kb max_used=814Kb free=118353Kb
 bounds [0x000001dcbdad0000, 0x000001dcbdd40000, 0x000001dcc4f30000]
CodeHeap 'profiled nmethods': size=119168Kb used=4368Kb max_used=4368Kb free=114799Kb
 bounds [0x000001dcb6670000, 0x000001dcb6ac0000, 0x000001dcbdad0000]
CodeHeap 'non-nmethods': size=7424Kb used=1179Kb max_used=2339Kb free=6244Kb
 bounds [0x000001dcb5f30000, 0x000001dcb61a0000, 0x000001dcb6670000]
 total_blobs=2746 nmethods=1967 adapters=304
 compilation: enabled
              stopped_count=0, restarted_count=0
 full_count=0

Compilation events (10 events):
Event: 2106.562 Thread 0x000001dcdb3ad800 1963       1       org.mockito.internal.progress.MockingProgressImpl::getArgumentMatcherStorage (5 bytes)
Event: 2106.562 Thread 0x000001dcdb3ad800 nmethod 1963 0x000001dcbdb9b410 code [0x000001dcbdb9b5c0, 0x000001dcbdb9b6d8]
Event: 2106.562 Thread 0x000001dcdb3ad800 1964       3       org.mockito.internal.progress.ThreadSafeMockingProgress::mockingProgress (10 bytes)
Event: 2106.562 Thread 0x000001dcdb3ad800 nmethod 1964 0x000001dcb6ab2f10 code [0x000001dcb6ab30e0, 0x000001dcb6ab3410]
Event: 2198.777 Thread 0x000001dcdb3ad800 1965       3       org.mockito.internal.invocation.InterceptedInvocation::getMock (10 bytes)
Event: 2198.777 Thread 0x000001dcdb3ad800 nmethod 1965 0x000001dcb6ab3510 code [0x000001dcb6ab3700, 0x000001dcb6ab3b40]
Event: 2198.777 Thread 0x000001dcdb3ad800 1966       3       org.mockito.internal.invocation.mockref.MockWeakReference::get (24 bytes)
Event: 2198.777 Thread 0x000001dcdb3ad800 nmethod 1966 0x000001dcb6ab3d10 code [0x000001dcb6ab3f00, 0x000001dcb6ab4260]
Event: 2198.778 Thread 0x000001dcdb3ad800 1967       1       org.mockito.internal.creation.DelegatingMethod::getParameterTypes (5 bytes)
Event: 2198.778 Thread 0x000001dcdb3ad800 nmethod 1967 0x000001dcbdb9b790 code [0x000001dcbdb9b940, 0x000001dcbdb9ba58]

GC Heap History (2 events):
Event: 0.746 GC heap before
{Heap before GC invocations=0 (full 0):
 garbage-first heap   total 512000K, used 22528K [0x000000060ca00000, 0x0000000800000000)
  region size 2048K, 12 young (24576K), 0 survivors (0K)
 Metaspace       used 10310K, capacity 10670K, committed 10880K, reserved 1058816K
  class space    used 993K, capacity 1085K, committed 1152K, reserved 1048576K
}
Event: 0.749 GC heap after
{Heap after GC invocations=1 (full 0):
 garbage-first heap   total 512000K, used 5991K [0x000000060ca00000, 0x0000000800000000)
  region size 2048K, 2 young (4096K), 2 survivors (4096K)
 Metaspace       used 10310K, capacity 10670K, committed 10880K, reserved 1058816K
  class space    used 993K, capacity 1085K, committed 1152K, reserved 1048576K
}

Deoptimization events (10 events):
Event: 0.900 Thread 0x000001dcadc5a000 Uncommon trap: reason=unstable_if action=reinterpret pc=0x000001dcbdb39f34 method=java.util.concurrent.ConcurrentHashMap.get(Ljava/lang/Object;)Ljava/lang/Object; @ 76 c2
Event: 1.016 Thread 0x000001dcadc5a000 Uncommon trap: reason=unstable_if action=reinterpret pc=0x000001dcbdb1a2c0 method=sun.reflect.generics.parser.SignatureParser.current()C @ 39 c2
Event: 1.025 Thread 0x000001dcadc5a000 Uncommon trap: reason=bimorphic_or_optimized_type_check action=maybe_recompile pc=0x000001dcbdb1944c method=java.util.HashMap.putVal(ILjava/lang/Object;Ljava/lang/Object;ZZ)Ljava/lang/Object; @ 91 c2
Event: 1.103 Thread 0x000001dcadc5a000 Uncommon trap: reason=bimorphic_or_optimized_type_check action=maybe_recompile pc=0x000001dcbdb118d4 method=java.util.HashMap.getNode(ILjava/lang/Object;)Ljava/util/HashMap$Node; @ 126 c2
Event: 1.114 Thread 0x000001dcadc5a000 Uncommon trap: reason=unstable_if action=reinterpret pc=0x000001dcbdb65a58 method=java.lang.StringLatin1.regionMatchesCI([BI[BII)Z @ 42 c2
Event: 1.195 Thread 0x000001dcadc5a000 Uncommon trap: reason=bimorphic_or_optimized_type_check action=maybe_recompile pc=0x000001dcbdb57280 method=java.util.HashMap.getNode(ILjava/lang/Object;)Ljava/util/HashMap$Node; @ 126 c2
Event: 1.216 Thread 0x000001dcadc5a000 Uncommon trap: reason=bimorphic_or_optimized_type_check action=maybe_recompile pc=0x000001dcbdb57280 method=java.util.HashMap.getNode(ILjava/lang/Object;)Ljava/util/HashMap$Node; @ 126 c2
Event: 1.217 Thread 0x000001dcadc5a000 Uncommon trap: reason=bimorphic_or_optimized_type_check action=maybe_recompile pc=0x000001dcbdb57280 method=java.util.HashMap.getNode(ILjava/lang/Object;)Ljava/util/HashMap$Node; @ 126 c2
Event: 1.249 Thread 0x000001dcadc5a000 Uncommon trap: reason=bimorphic_or_optimized_type_check action=maybe_recompile pc=0x000001dcbdb118d4 method=java.util.HashMap.getNode(ILjava/lang/Object;)Ljava/util/HashMap$Node; @ 126 c2
Event: 77.487 Thread 0x000001dcadc5a000 Uncommon trap: reason=unstable_if action=reinterpret pc=0x000001dcbdb59800 method=java.util.concurrent.ConcurrentHashMap.putVal(Ljava/lang/Object;Ljava/lang/Object;Z)Ljava/lang/Object; @ 148 c2

Classes redefined (10 events):
Event: 1791.765 Thread 0x000001dcdb313800 redefined class name=com.ocr.mediscreen_assess.service.PatientHistoryService, count=3
Event: 1844.673 Thread 0x000001dcdb313800 redefined class name=com.ocr.mediscreen_assess.service.PatientHistoryService, count=4
Event: 1896.000 Thread 0x000001dcdb313800 redefined class name=com.ocr.mediscreen_assess.service.PatientHistoryService, count=5
Event: 1965.336 Thread 0x000001dcdb313800 redefined class name=com.ocr.mediscreen_assess.service.PatientHistoryService, count=6
Event: 2021.689 Thread 0x000001dcdb313800 redefined class name=com.ocr.mediscreen_assess.service.PatientHistoryServiceTest, count=10
Event: 2050.757 Thread 0x000001dcdb313800 redefined class name=com.ocr.mediscreen_assess.service.PatientHistoryServiceTest, count=11
Event: 2106.518 Thread 0x000001dcdb313800 redefined class name=com.ocr.mediscreen_assess.service.PatientHistoryServiceTest, count=12
Event: 2131.339 Thread 0x000001dcdb313800 redefined class name=com.ocr.mediscreen_assess.service.PatientHistoryServiceTest, count=13
Event: 2198.715 Thread 0x000001dcdb313800 redefined class name=com.ocr.mediscreen_assess.service.PatientHistoryServiceTest, count=14
Event: 2252.430 Thread 0x000001dcdb313800 redefined class name=com.ocr.mediscreen_assess.service.PatientHistoryService, count=7

Internal exceptions (10 events):
Event: 0.848 Thread 0x000001dcadc5a000 Exception <a 'java/lang/NoSuchMethodError'{0x000000062b092840}: java.lang.invoke.DirectMethodHandle$Holder.invokeStatic(Ljava/lang/Object;Ljava/lang/Object;Ljava/lang/Object;Ljava/lang/Object;Ljava/lang/Object;)V> (0x000000062b092840) thrown at [t:/worksp
Event: 0.848 Thread 0x000001dcadc5a000 Exception <a 'java/lang/NoSuchMethodError'{0x000000062b0a3c38}: java.lang.invoke.Invokers$Holder.linkToTargetMethod(Ljava/lang/Object;Ljava/lang/Object;Ljava/lang/Object;Ljava/lang/Object;Ljava/lang/Object;Ljava/lang/Object;Ljava/lang/Object;)Ljava/lang/O
Event: 0.849 Thread 0x000001dcadc5a000 Exception <a 'java/lang/NoSuchMethodError'{0x000000062b0a9948}: java.lang.invoke.DirectMethodHandle$Holder.invokeInterface(Ljava/lang/Object;Ljava/lang/Object;Ljava/lang/Object;Ljava/lang/Object;Ljava/lang/Object;)Ljava/lang/Object;> (0x000000062b0a9948) 
Event: 0.849 Thread 0x000001dcadc5a000 Exception <a 'java/lang/IncompatibleClassChangeError'{0x000000062b0ad0a0}: Found class java.lang.Object, but interface was expected> (0x000000062b0ad0a0) thrown at [t:/workspace/open/src/hotspot/share/interpreter/linkResolver.cpp, line 856]
Event: 0.852 Thread 0x000001dcadc5a000 Exception <a 'java/lang/NoSuchMethodError'{0x000000062b109e28}: java.lang.invoke.DirectMethodHandle$Holder.invokeInterface(Ljava/lang/Object;Ljava/lang/Object;)I> (0x000000062b109e28) thrown at [t:/workspace/open/src/hotspot/share/interpreter/linkResolver
Event: 0.855 Thread 0x000001dcadc5a000 Exception <a 'java/lang/IncompatibleClassChangeError'{0x000000062b13cb80}: Found class java.lang.Object, but interface was expected> (0x000000062b13cb80) thrown at [t:/workspace/open/src/hotspot/share/interpreter/linkResolver.cpp, line 856]
Event: 0.903 Thread 0x000001dcadc5a000 Exception <a 'java/lang/NoSuchMethodError'{0x000000062aaa02b0}: java.lang.invoke.DirectMethodHandle$Holder.invokeStaticInit(Ljava/lang/Object;Ljava/lang/Object;Ljava/lang/Object;Ljava/lang/Object;)I> (0x000000062aaa02b0) thrown at [t:/workspace/open/src/h
Event: 0.904 Thread 0x000001dcadc5a000 Exception <a 'java/lang/IncompatibleClassChangeError'{0x000000062aaa9220}: Found class java.lang.Object, but interface was expected> (0x000000062aaa9220) thrown at [t:/workspace/open/src/hotspot/share/interpreter/linkResolver.cpp, line 856]
Event: 0.904 Thread 0x000001dcadc5a000 Exception <a 'java/lang/NoSuchMethodError'{0x000000062aaac808}: java.lang.invoke.DirectMethodHandle$Holder.invokeStaticInit(Ljava/lang/Object;Ljava/lang/Object;)V> (0x000000062aaac808) thrown at [t:/workspace/open/src/hotspot/share/interpreter/linkResolve
Event: 1.074 Thread 0x000001dcadc5a000 Exception <a 'java/lang/ClassNotFoundException'{0x0000000629024b50}: java/lang/ClassLoader$ByteBuddyAccessor$QfB4rcIk> (0x0000000629024b50) thrown at [t:/workspace/open/src/hotspot/share/classfile/systemDictionary.cpp, line 231]

Events (10 events):
Event: 2252.434 Executing VM operation: ChangeBreakpoints done
Event: 2252.435 Executing VM operation: ChangeBreakpoints
Event: 2252.435 Executing VM operation: ChangeBreakpoints done
Event: 2252.436 Executing VM operation: ChangeBreakpoints
Event: 2252.436 Executing VM operation: ChangeBreakpoints done
Event: 2252.436 Executing VM operation: ChangeBreakpoints
Event: 2252.437 Executing VM operation: ChangeBreakpoints done
Event: 2252.437 Executing VM operation: GetFrameLocation
Event: 2252.437 Executing VM operation: GetFrameLocation done
Event: 2252.438 Executing VM operation: GetOrSetLocal


Dynamic libraries:
0x00007ff73a500000 - 0x00007ff73a545000 	C:\Users\A891PB\jdk\jdk-11\jdk-11\bin\java.exe
0x00007ffcbf210000 - 0x00007ffcbf408000 	C:\Windows\SYSTEM32\ntdll.dll
0x00007ffcbd590000 - 0x00007ffcbd64f000 	C:\Windows\System32\KERNEL32.DLL
0x00007ffcbcf70000 - 0x00007ffcbd266000 	C:\Windows\System32\KERNELBASE.dll
0x0000000062f90000 - 0x000000006302d000 	C:\ProgramData\Symantec\Symantec Endpoint Protection\14.3.9210.6000.105\Data\Sysfer\x64\sysfer.dll
0x00007ffcbddf0000 - 0x00007ffcbdf8d000 	C:\Windows\System32\USER32.dll
0x00007ffcbcdd0000 - 0x00007ffcbcdf2000 	C:\Windows\System32\win32u.dll
0x00007ffcbdd20000 - 0x00007ffcbdd4c000 	C:\Windows\System32\GDI32.dll
0x00007ffcbcbb0000 - 0x00007ffcbccc5000 	C:\Windows\System32\gdi32full.dll
0x00007ffcbc9b0000 - 0x00007ffcbca4d000 	C:\Windows\System32\msvcp_win.dll
0x00007ffcbce70000 - 0x00007ffcbcf70000 	C:\Windows\System32\ucrtbase.dll
0x00007ffc9f8b0000 - 0x00007ffc9fb4a000 	C:\Windows\WinSxS\amd64_microsoft.windows.common-controls_6595b64144ccf1df_6.0.19041.1110_none_60b5254171f9507e\COMCTL32.dll
0x00007ffcbd890000 - 0x00007ffcbd92e000 	C:\Windows\System32\msvcrt.dll
0x00007ffcbe4f0000 - 0x00007ffcbe520000 	C:\Windows\System32\IMM32.DLL
0x00007ffcbb090000 - 0x00007ffcbb19f000 	C:\Program Files\Avecto\Privilege Guard Client\PGHook.dll
0x00007ffcbd380000 - 0x00007ffcbd42f000 	C:\Windows\System32\ADVAPI32.dll
0x00007ffcbdd50000 - 0x00007ffcbddec000 	C:\Windows\System32\sechost.dll
0x00007ffcbe3c0000 - 0x00007ffcbe4e6000 	C:\Windows\System32\RPCRT4.dll
0x00007ffcab9d0000 - 0x00007ffcab9e6000 	C:\Users\A891PB\jdk\jdk-11\jdk-11\bin\vcruntime140.dll
0x00007ffcab920000 - 0x00007ffcab9ca000 	C:\Users\A891PB\jdk\jdk-11\jdk-11\bin\msvcp140.dll
0x00007ffc30120000 - 0x00007ffc30c61000 	C:\Users\A891PB\jdk\jdk-11\jdk-11\bin\server\jvm.dll
0x00007ffcbd880000 - 0x00007ffcbd888000 	C:\Windows\System32\PSAPI.DLL
0x00007ffc80a80000 - 0x00007ffc80a89000 	C:\Windows\SYSTEM32\WSOCK32.dll
0x00007ffcbdf90000 - 0x00007ffcbdffb000 	C:\Windows\System32\WS2_32.dll
0x00007ffcacad0000 - 0x00007ffcacaf7000 	C:\Windows\SYSTEM32\WINMM.dll
0x00007ffcb2d40000 - 0x00007ffcb2d4a000 	C:\Windows\SYSTEM32\VERSION.dll
0x00007ffcbacf0000 - 0x00007ffcbad02000 	C:\Windows\SYSTEM32\kernel.appcore.dll
0x00007ffcab900000 - 0x00007ffcab911000 	C:\Users\A891PB\jdk\jdk-11\jdk-11\bin\verify.dll
0x00007ffcb9a30000 - 0x00007ffcb9c14000 	C:\Windows\SYSTEM32\DBGHELP.DLL
0x00007ffcabf60000 - 0x00007ffcabf94000 	C:\Windows\SYSTEM32\dbgcore.DLL
0x00007ffcbc8f0000 - 0x00007ffcbc972000 	C:\Windows\System32\bcryptPrimitives.dll
0x00007ffcab8d0000 - 0x00007ffcab8f8000 	C:\Users\A891PB\jdk\jdk-11\jdk-11\bin\java.dll
0x00007ffc9a7a0000 - 0x00007ffc9a7d7000 	C:\Users\A891PB\jdk\jdk-11\jdk-11\bin\jdwp.dll
0x00007ffc9a810000 - 0x00007ffc9a83f000 	C:\Users\A891PB\jdk\jdk-11\jdk-11\bin\instrument.dll
0x00007ffcab8b0000 - 0x00007ffcab8c6000 	C:\Users\A891PB\jdk\jdk-11\jdk-11\bin\zip.dll
0x00007ffcab8a0000 - 0x00007ffcab8aa000 	C:\Users\A891PB\jdk\jdk-11\jdk-11\bin\jimage.dll
0x00007ffcbea80000 - 0x00007ffcbf1c4000 	C:\Windows\System32\SHELL32.dll
0x00007ffcba540000 - 0x00007ffcbacd3000 	C:\Windows\SYSTEM32\windows.storage.dll
0x00007ffcbe060000 - 0x00007ffcbe3b4000 	C:\Windows\System32\combase.dll
0x00007ffcbc250000 - 0x00007ffcbc27e000 	C:\Windows\SYSTEM32\Wldp.dll
0x00007ffcbdad0000 - 0x00007ffcbdb7d000 	C:\Windows\System32\SHCORE.dll
0x00007ffcbd320000 - 0x00007ffcbd375000 	C:\Windows\System32\shlwapi.dll
0x00007ffcbc830000 - 0x00007ffcbc84f000 	C:\Windows\SYSTEM32\profapi.dll
0x00007ffca0050000 - 0x00007ffca005a000 	C:\Users\A891PB\jdk\jdk-11\jdk-11\bin\dt_socket.dll
0x00007ffcbc040000 - 0x00007ffcbc0aa000 	C:\Windows\system32\mswsock.dll
0x00007ffc7a790000 - 0x00007ffc7a7a9000 	C:\Users\A891PB\jdk\jdk-11\jdk-11\bin\net.dll
0x00007ffcbb890000 - 0x00007ffcbb99a000 	C:\Windows\SYSTEM32\WINHTTP.dll
0x00007ffc69bd0000 - 0x00007ffc69be3000 	C:\Users\A891PB\jdk\jdk-11\jdk-11\bin\nio.dll

dbghelp: loaded successfully - version: 4.0.5 - missing functions: none
symbol engine: initialized successfully - sym options: 0x614 - pdb path: .;C:\Users\A891PB\jdk\jdk-11\jdk-11\bin;C:\Windows\SYSTEM32;C:\ProgramData\Symantec\Symantec Endpoint Protection\14.3.9210.6000.105\Data\Sysfer\x64;C:\Windows\WinSxS\amd64_microsoft.windows.common-controls_6595b64144ccf1df_6.0.19041.1110_none_60b5254171f9507e;C:\Program Files\Avecto\Privilege Guard Client;C:\Users\A891PB\jdk\jdk-11\jdk-11\bin\server

VM Arguments:
jvm_args: -agentlib:jdwp=transport=dt_socket,address=127.0.0.1:62863,suspend=y,server=n -ea -Didea.test.cyclic.buffer.size=1048576 -javaagent:C:\Users\A891PB\AppData\Local\JetBrains\IntelliJIdea2022.2\captureAgent\debugger-agent.jar -Dfile.encoding=UTF-8 
java_command: com.intellij.rt.junit.JUnitStarter -ideVersion5 -junit5 com.ocr.mediscreen_assess.service.PatientHistoryServiceTest,testGetAssessmentByLastname
java_class_path (initial): C:\Users\A891PB\.m2\repository\org\junit\platform\junit-platform-launcher\1.8.2\junit-platform-launcher-1.8.2.jar;C:\Program Files\JetBrains\IntelliJ IDEA 2022.2\lib\idea_rt.jar;C:\Program Files\JetBrains\IntelliJ IDEA 2022.2\plugins\junit\lib\junit5-rt.jar;C:\Program Files\JetBrains\IntelliJ IDEA 2022.2\plugins\junit\lib\junit-rt.jar;C:\Users\A891PB\IdeaProjects\mediscreen_assess\target\test-classes;C:\Users\A891PB\IdeaProjects\mediscreen_assess\target\classes;C:\Users\A891PB\.m2\repository\org\springframework\boot\spring-boot-starter-web\2.6.6\spring-boot-starter-web-2.6.6.jar;C:\Users\A891PB\.m2\repository\org\springframework\boot\spring-boot-starter\2.6.6\spring-boot-starter-2.6.6.jar;C:\Users\A891PB\.m2\repository\org\springframework\boot\spring-boot\2.6.6\spring-boot-2.6.6.jar;C:\Users\A891PB\.m2\repository\org\springframework\boot\spring-boot-autoconfigure\2.6.6\spring-boot-autoconfigure-2.6.6.jar;C:\Users\A891PB\.m2\repository\org\springframework\boot\spring-boot-starter-logging\2.6.6\spring-boot-starter-logging-2.6.6.jar;C:\Users\A891PB\.m2\repository\ch\qos\logback\logback-classic\1.2.11\logback-classic-1.2.11.jar;C:\Users\A891PB\.m2\repository\ch\qos\logback\logback-core\1.2.11\logback-core-1.2.11.jar;C:\Users\A891PB\.m2\repository\org\apache\logging\log4j\log4j-to-slf4j\2.17.2\log4j-to-slf4j-2.17.2.jar;C:\Users\A891PB\.m2\repository\org\apache\logging\log4j\log4j-api\2.17.2\log4j-api-2.17.2.jar;C:\Users\A891PB\.m2\repository\org\slf4j\jul-to-slf4j\1.7.36\jul-to-slf4j-1.7.36.jar;C:\Users\A891PB\.m2\repository\jakarta\annotation\jakarta.annotation-api\1.3.5\jakarta.annotation-api-1.3.5.jar;C:\Users\A891PB\.m2\repository\org\yaml\snakeyaml\1.29\snakeyaml-1.29.jar;C:\Users\A891PB\.m2\repository\org\springframework\boot\spring-boot-starter-json\2.6.6\spring-boot-starter-json-2.6.6.jar;C:\Users\A891PB\.m2\repository\com\fasterxml\jackson\core\jackson-databind\2.13.2.2\jackson-databind-2.13.2.2.jar;C:\Users\A891PB\.m2\repository\com
Launcher Type: SUN_STANDARD

[Global flags]
     intx CICompilerCount                          = 12                                        {product} {ergonomic}
     uint ConcGCThreads                            = 3                                         {product} {ergonomic}
     uint G1ConcRefinementThreads                  = 13                                        {product} {ergonomic}
   size_t G1HeapRegionSize                         = 2097152                                   {product} {ergonomic}
    uintx GCDrainStackTargetSize                   = 64                                        {product} {ergonomic}
   size_t InitialHeapSize                          = 524288000                                 {product} {ergonomic}
   size_t MarkStackSize                            = 4194304                                   {product} {ergonomic}
   size_t MaxHeapSize                              = 8378122240                                {product} {ergonomic}
   size_t MaxNewSize                               = 5026873344                                {product} {ergonomic}
   size_t MinHeapDeltaBytes                        = 2097152                                   {product} {ergonomic}
    uintx NonNMethodCodeHeapSize                   = 7591728                                {pd product} {ergonomic}
    uintx NonProfiledCodeHeapSize                  = 122033256                              {pd product} {ergonomic}
    uintx ProfiledCodeHeapSize                     = 122033256                              {pd product} {ergonomic}
    uintx ReservedCodeCacheSize                    = 251658240                              {pd product} {ergonomic}
     bool SegmentedCodeCache                       = true                                      {product} {ergonomic}
     bool UseCompressedClassPointers               = true                                 {lp64_product} {ergonomic}
     bool UseCompressedOops                        = true                                 {lp64_product} {ergonomic}
     bool UseG1GC                                  = true                                      {product} {ergonomic}
     bool UseLargePagesIndividualAllocation        = false                                  {pd product} {ergonomic}

Logging:
Log output configuration:
 #0: stdout all=warning uptime,level,tags
 #1: stderr all=off uptime,level,tags

Environment Variables:
JAVA_HOME=C:\Users\A891PB\jdk\jdk-11\jdk-11
PATH=C:\Users\A891PB\jdk\jdk-11\jdk-11\bin;C:\Program Files (x86)\Common Files\Oracle\Java\javapath;C:\Windows\system32;C:\Windows;C:\Windows\System32\Wbem;C:\Windows\System32\WindowsPowerShell\v1.0\;C:\Program Files\apache-maven-3.8.5\bin;C:\Program Files\apache-maven-3.8.4\bin;C:\Windows\System32\OpenSSH\;C:\Program Files\mysql-8.0.28-winx64\bin;C:\Program Files\Git\cmd;C:\Program Files (x86)\java\jre8\bin;C:\Users\A891PB\.gradle\wrapper\dists\gradle-7.4-bin;C:\Program Files\PowerShell\7-preview\preview;C:\Program Files\PowerShell\7\;C:\Program Files\Docker\Docker\resources\bin;C:\Program Files\MySQL\MySQL Shell 8.0\bin\;C:\Users\A891PB\AppData\Local\Microsoft\WindowsApps;C:\Users\A891PB\AppData\Local\Programs\Git\cmd;C:\Users\A891PB\AppData\Local\Programs\oh-my-posh\bin;C:\Program Files\apache-maven-3.8.5\bin;
USERNAME=A891PB
OS=Windows_NT
PROCESSOR_IDENTIFIER=Intel64 Family 6 Model 141 Stepping 1, GenuineIntel



---------------  S Y S T E M  ---------------

OS: Windows 10 , 64 bit Build 19041 (10.0.19041.3031)

CPU:total 16 (initial active 16) (8 cores per cpu, 2 threads per core) family 6 model 141 stepping 1, cmov, cx8, fxsr, mmx, sse, sse2, sse3, ssse3, sse4.1, sse4.2, popcnt, avx, avx2, aes, clmul, erms, 3dnowpref, lzcnt, ht, tsc, tscinvbit, bmi1, bmi2, adx, sha, fma

Memory: 4k page, system-wide physical 31953M (14438M free)
TotalPageFile size 37601M (AvailPageFile size 5262M)
current process WorkingSet (physical memory assigned to process): 146M, peak: 162M
current process commit charge ("private bytes"): 635M, peak: 645M

vm_info: OpenJDK 64-Bit Server VM (11+28) for windows-amd64 JRE (11+28), built on Aug 23 2018 03:04:58 by "mach5one" with MS VC++ 15.5 (VS2017)

END.
